# JRE version: Java(TM) SE Runtime Environment (23.0.1+11) (build 23.0.1+11-39)
# Java VM: Java HotSpot(TM) 64-Bit Server VM (23.0.1+11-39, mixed mode, sharing, tiered, compressed oops, compressed class ptrs, g1 gc, windows-amd64)
GC Precious Log:
 CardTable entry size: 512
 Card Set container configuration: InlinePtr #cards 5 size 8 Array Of Cards #cards 10 size 36 Howl #buckets 4 coarsen threshold 1843 Howl Bitmap #cards 512 size 80 coarsen threshold 460 Card regions per heap region 1 cards per card region 2048
 CPUs: 12 total, 12 available
 Memory: 7454M
 Large Page Support: Disabled
 NUMA Support: Disabled
 Compressed Oops: Enabled (32-bit)
 Heap Region Size: 1M
 Heap Min Capacity: 8M
 Heap Initial Capacity: 118M
 Heap Max Capacity: 1864M
 Pre-touch: Disabled
 Parallel Workers: 10
 Concurrent Workers: 3
 Concurrent Refinement Workers: 10
 Periodic GC: Disabled
Heap:
 garbage-first heap   total reserved 1908736K, committed 109568K, used 79102K [0x000000008b800000, 0x0000000100000000)
  region size 1024K, 33 young (33792K), 4 survivors (4096K)
 Metaspace       used 32888K, committed 33408K, reserved 1114112K
  class space    used 3937K, committed 4160K, reserved 1048576K
GC Heap History (20 events):
Event: 7.240 GC heap before
{Heap before GC invocations=3 (full 0):
 garbage-first heap   total reserved 1908736K, committed 120832K, used 65367K [0x000000008b800000, 0x0000000100000000)
  region size 1024K, 60 young (61440K), 6 survivors (6144K)
 Metaspace       used 16034K, committed 16320K, reserved 1114112K
  class space    used 1930K, committed 2048K, reserved 1048576K
}
Event: 7.268 GC heap after
{Heap after GC invocations=4 (full 0):
 garbage-first heap   total reserved 1908736K, committed 120832K, used 15663K [0x000000008b800000, 0x0000000100000000)
  region size 1024K, 6 young (6144K), 6 survivors (6144K)
 Metaspace       used 16034K, committed 16320K, reserved 1114112K
  class space    used 1930K, committed 2048K, reserved 1048576K
}
Event: 10.285 GC heap before
{Heap before GC invocations=4 (full 0):
 garbage-first heap   total reserved 1908736K, committed 120832K, used 80175K [0x000000008b800000, 0x0000000100000000)
  region size 1024K, 64 young (65536K), 6 survivors (6144K)
 Metaspace       used 20209K, committed 20544K, reserved 1114112K
  class space    used 2410K, committed 2560K, reserved 1048576K
}
Event: 10.304 GC heap after
{Heap after GC invocations=5 (full 0):
 garbage-first heap   total reserved 1908736K, committed 120832K, used 22938K [0x000000008b800000, 0x0000000100000000)
  region size 1024K, 4 young (4096K), 4 survivors (4096K)
 Metaspace       used 20209K, committed 20544K, reserved 1114112K
  class space    used 2410K, committed 2560K, reserved 1048576K
}
Event: 10.422 GC heap before
{Heap before GC invocations=5 (full 0):
 garbage-first heap   total reserved 1908736K, committed 120832K, used 27034K [0x000000008b800000, 0x0000000100000000)
  region size 1024K, 9 young (9216K), 4 survivors (4096K)
 Metaspace       used 21254K, committed 21504K, reserved 1114112K
  class space    used 2569K, committed 2688K, reserved 1048576K
}
Event: 10.436 GC heap after
{Heap after GC invocations=6 (full 0):
 garbage-first heap   total reserved 1908736K, committed 120832K, used 24003K [0x000000008b800000, 0x0000000100000000)
  region size 1024K, 7 young (7168K), 7 survivors (7168K)
 Metaspace       used 21254K, committed 21504K, reserved 1114112K
  class space    used 2569K, committed 2688K, reserved 1048576K
}
Event: 12.119 GC heap before
{Heap before GC invocations=7 (full 0):
 garbage-first heap   total reserved 1908736K, committed 81920K, used 69059K [0x000000008b800000, 0x0000000100000000)
  region size 1024K, 49 young (50176K), 7 survivors (7168K)
 Metaspace       used 26266K, committed 26624K, reserved 1114112K
  class space    used 3143K, committed 3264K, reserved 1048576K
}
Event: 12.153 GC heap after
{Heap after GC invocations=8 (full 0):
 garbage-first heap   total reserved 1908736K, committed 91136K, used 40387K [0x000000008b800000, 0x0000000100000000)
  region size 1024K, 7 young (7168K), 7 survivors (7168K)
 Metaspace       used 26266K, committed 26624K, reserved 1114112K
  class space    used 3143K, committed 3264K, reserved 1048576K
}
Event: 13.183 GC heap before
{Heap before GC invocations=8 (full 0):
 garbage-first heap   total reserved 1908736K, committed 91136K, used 64963K [0x000000008b800000, 0x0000000100000000)
  region size 1024K, 31 young (31744K), 7 survivors (7168K)
 Metaspace       used 28299K, committed 28672K, reserved 1114112K
  class space    used 3393K, committed 3584K, reserved 1048576K
}
Event: 13.207 GC heap after
{Heap after GC invocations=9 (full 0):
 garbage-first heap   total reserved 1908736K, committed 91136K, used 39875K [0x000000008b800000, 0x0000000100000000)
  region size 1024K, 4 young (4096K), 4 survivors (4096K)
 Metaspace       used 28299K, committed 28672K, reserved 1114112K
  class space    used 3393K, committed 3584K, reserved 1048576K
}
Event: 14.098 GC heap before
{Heap before GC invocations=9 (full 0):
 garbage-first heap   total reserved 1908736K, committed 91136K, used 70595K [0x000000008b800000, 0x0000000100000000)
  region size 1024K, 30 young (30720K), 4 survivors (4096K)
 Metaspace       used 28377K, committed 28800K, reserved 1114112K
  class space    used 3394K, committed 3584K, reserved 1048576K
}
Event: 14.114 GC heap after
{Heap after GC invocations=10 (full 0):
 garbage-first heap   total reserved 1908736K, committed 109568K, used 53187K [0x000000008b800000, 0x0000000100000000)
  region size 1024K, 4 young (4096K), 4 survivors (4096K)
 Metaspace       used 28377K, committed 28800K, reserved 1114112K
  class space    used 3394K, committed 3584K, reserved 1048576K
}
Event: 14.621 GC heap before
{Heap before GC invocations=10 (full 0):
 garbage-first heap   total reserved 1908736K, committed 109568K, used 69571K [0x000000008b800000, 0x0000000100000000)
  region size 1024K, 21 young (21504K), 4 survivors (4096K)
 Metaspace       used 28385K, committed 28800K, reserved 1114112K
  class space    used 3394K, committed 3584K, reserved 1048576K
}
Event: 14.631 GC heap after
{Heap after GC invocations=11 (full 0):
 garbage-first heap   total reserved 1908736K, committed 109568K, used 59843K [0x000000008b800000, 0x0000000100000000)
  region size 1024K, 4 young (4096K), 4 survivors (4096K)
 Metaspace       used 28385K, committed 28800K, reserved 1114112K
  class space    used 3394K, committed 3584K, reserved 1048576K
}
Event: 15.246 GC heap before
{Heap before GC invocations=12 (full 0):
 garbage-first heap   total reserved 1908736K, committed 109568K, used 83395K [0x000000008b800000, 0x0000000100000000)
  region size 1024K, 28 young (28672K), 4 survivors (4096K)
 Metaspace       used 28410K, committed 28800K, reserved 1114112K
  class space    used 3394K, committed 3584K, reserved 1048576K
}
Event: 15.253 GC heap after
{Heap after GC invocations=13 (full 0):
 garbage-first heap   total reserved 1908736K, committed 109568K, used 58616K [0x000000008b800000, 0x0000000100000000)
  region size 1024K, 3 young (3072K), 3 survivors (3072K)
 Metaspace       used 28410K, committed 28800K, reserved 1114112K
  class space    used 3394K, committed 3584K, reserved 1048576K
}
Event: 15.853 GC heap before
{Heap before GC invocations=13 (full 0):
 garbage-first heap   total reserved 1908736K, committed 109568K, used 84216K [0x000000008b800000, 0x0000000100000000)
  region size 1024K, 29 young (29696K), 3 survivors (3072K)
 Metaspace       used 29529K, committed 29888K, reserved 1114112K
  class space    used 3473K, committed 3648K, reserved 1048576K
}
Event: 15.861 GC heap after
{Heap after GC invocations=14 (full 0):
 garbage-first heap   total reserved 1908736K, committed 109568K, used 50389K [0x000000008b800000, 0x0000000100000000)
  region size 1024K, 3 young (3072K), 3 survivors (3072K)
 Metaspace       used 29529K, committed 29888K, reserved 1114112K
  class space    used 3473K, committed 3648K, reserved 1048576K
}
Event: 16.886 GC heap before
{Heap before GC invocations=14 (full 0):
 garbage-first heap   total reserved 1908736K, committed 109568K, used 84181K [0x000000008b800000, 0x0000000100000000)
  region size 1024K, 36 young (36864K), 3 survivors (3072K)
 Metaspace       used 32111K, committed 32512K, reserved 1114112K
  class space    used 3850K, committed 4032K, reserved 1048576K
}
Event: 16.897 GC heap after
{Heap after GC invocations=15 (full 0):
 garbage-first heap   total reserved 1908736K, committed 109568K, used 49406K [0x000000008b800000, 0x0000000100000000)
  region size 1024K, 4 young (4096K), 4 survivors (4096K)
 Metaspace       used 32111K, committed 32512K, reserved 1114112K
  class space    used 3850K, committed 4032K, reserved 1048576K
}

