# JRE version: Java(TM) SE Runtime Environment (23.0.1+11) (build 23.0.1+11-39)
# Java VM: Java HotSpot(TM) 64-Bit Server VM (23.0.1+11-39, mixed mode, emulated-client, sharing, tiered, compressed oops, compressed class ptrs, g1 gc, windows-amd64)
GC Precious Log:
 CardTable entry size: 512
 Card Set container configuration: InlinePtr #cards 5 size 8 Array Of Cards #cards 10 size 36 Howl #buckets 4 coarsen threshold 1843 Howl Bitmap #cards 512 size 80 coarsen threshold 460 Card regions per heap region 1 cards per card region 2048
 CPUs: 12 total, 12 available
 Memory: 7454M
 Large Page Support: Disabled
 NUMA Support: Disabled
 Compressed Oops: Enabled (32-bit)
 Heap Region Size: 1M
 Heap Min Capacity: 8M
 Heap Initial Capacity: 118M
 Heap Max Capacity: 1864M
 Pre-touch: Disabled
 Parallel Workers: 10
 Concurrent Workers: 3
 Concurrent Refinement Workers: 10
 Periodic GC: Disabled
Heap:
 garbage-first heap   total reserved 1908736K, committed 76800K, used 36777K [0x000000008b800000, 0x0000000100000000)
  region size 1024K, 7 young (7168K), 3 survivors (3072K)
 Metaspace       used 78575K, committed 79360K, reserved 1179648K
  class space    used 11433K, committed 11840K, reserved 1048576K
GC Heap History (20 events):
Event: 410.761 GC heap after
{Heap after GC invocations=28 (full 1):
 garbage-first heap   total reserved 1908736K, committed 61440K, used 35036K [0x000000008b800000, 0x0000000100000000)
  region size 1024K, 2 young (2048K), 2 survivors (2048K)
 Metaspace       used 77967K, committed 78976K, reserved 1179648K
  class space    used 11369K, committed 11776K, reserved 1048576K
}
Event: 411.121 GC heap before
{Heap before GC invocations=28 (full 1):
 garbage-first heap   total reserved 1908736K, committed 61440K, used 55516K [0x000000008b800000, 0x0000000100000000)
  region size 1024K, 22 young (22528K), 2 survivors (2048K)
 Metaspace       used 78100K, committed 79040K, reserved 1179648K
  class space    used 11383K, committed 11776K, reserved 1048576K
}
Event: 411.128 GC heap after
{Heap after GC invocations=29 (full 1):
 garbage-first heap   total reserved 1908736K, committed 61440K, used 36924K [0x000000008b800000, 0x0000000100000000)
  region size 1024K, 2 young (2048K), 2 survivors (2048K)
 Metaspace       used 78100K, committed 79040K, reserved 1179648K
  class space    used 11383K, committed 11776K, reserved 1048576K
}
Event: 412.411 GC heap before
{Heap before GC invocations=30 (full 1):
 garbage-first heap   total reserved 1908736K, committed 63488K, used 54332K [0x000000008b800000, 0x0000000100000000)
  region size 1024K, 19 young (19456K), 2 survivors (2048K)
 Metaspace       used 78111K, committed 79040K, reserved 1179648K
  class space    used 11386K, committed 11776K, reserved 1048576K
}
Event: 412.415 GC heap after
{Heap after GC invocations=31 (full 1):
 garbage-first heap   total reserved 1908736K, committed 63488K, used 38074K [0x000000008b800000, 0x0000000100000000)
  region size 1024K, 2 young (2048K), 2 survivors (2048K)
 Metaspace       used 78111K, committed 79040K, reserved 1179648K
  class space    used 11386K, committed 11776K, reserved 1048576K
}
Event: 415.266 GC heap before
{Heap before GC invocations=31 (full 1):
 garbage-first heap   total reserved 1908736K, committed 63488K, used 47290K [0x000000008b800000, 0x0000000100000000)
  region size 1024K, 12 young (12288K), 2 survivors (2048K)
 Metaspace       used 78134K, committed 79040K, reserved 1179648K
  class space    used 11393K, committed 11776K, reserved 1048576K
}
Event: 415.326 GC heap after
{Heap after GC invocations=32 (full 2):
 garbage-first heap   total reserved 1908736K, committed 63488K, used 27990K [0x000000008b800000, 0x0000000100000000)
  region size 1024K, 0 young (0K), 0 survivors (0K)
 Metaspace       used 78113K, committed 79040K, reserved 1179648K
  class space    used 11387K, committed 11776K, reserved 1048576K
}
Event: 415.978 GC heap before
{Heap before GC invocations=32 (full 2):
 garbage-first heap   total reserved 1908736K, committed 63488K, used 53590K [0x000000008b800000, 0x0000000100000000)
  region size 1024K, 26 young (26624K), 0 survivors (0K)
 Metaspace       used 78252K, committed 79104K, reserved 1179648K
  class space    used 11412K, committed 11776K, reserved 1048576K
}
Event: 415.983 GC heap after
{Heap after GC invocations=33 (full 2):
 garbage-first heap   total reserved 1908736K, committed 76800K, used 30526K [0x000000008b800000, 0x0000000100000000)
  region size 1024K, 3 young (3072K), 3 survivors (3072K)
 Metaspace       used 78252K, committed 79104K, reserved 1179648K
  class space    used 11412K, committed 11776K, reserved 1048576K
}
Event: 419.599 GC heap before
{Heap before GC invocations=34 (full 2):
 garbage-first heap   total reserved 1908736K, committed 76800K, used 64318K [0x000000008b800000, 0x0000000100000000)
  region size 1024K, 37 young (37888K), 3 survivors (3072K)
 Metaspace       used 78396K, committed 79232K, reserved 1179648K
  class space    used 11424K, committed 11840K, reserved 1048576K
}
Event: 419.604 GC heap after
{Heap after GC invocations=35 (full 2):
 garbage-first heap   total reserved 1908736K, committed 76800K, used 32813K [0x000000008b800000, 0x0000000100000000)
  region size 1024K, 5 young (5120K), 5 survivors (5120K)
 Metaspace       used 78396K, committed 79232K, reserved 1179648K
  class space    used 11424K, committed 11840K, reserved 1048576K
}
Event: 420.240 GC heap before
{Heap before GC invocations=35 (full 2):
 garbage-first heap   total reserved 1908736K, committed 76800K, used 63533K [0x000000008b800000, 0x0000000100000000)
  region size 1024K, 35 young (35840K), 5 survivors (5120K)
 Metaspace       used 78432K, committed 79296K, reserved 1179648K
  class space    used 11428K, committed 11840K, reserved 1048576K
}
Event: 420.246 GC heap after
{Heap after GC invocations=36 (full 2):
 garbage-first heap   total reserved 1908736K, committed 76800K, used 34003K [0x000000008b800000, 0x0000000100000000)
  region size 1024K, 4 young (4096K), 4 survivors (4096K)
 Metaspace       used 78432K, committed 79296K, reserved 1179648K
  class space    used 11428K, committed 11840K, reserved 1048576K
}
Event: 469.839 GC heap before
{Heap before GC invocations=36 (full 2):
 garbage-first heap   total reserved 1908736K, committed 76800K, used 47315K [0x000000008b800000, 0x0000000100000000)
  region size 1024K, 18 young (18432K), 4 survivors (4096K)
 Metaspace       used 78435K, committed 79296K, reserved 1179648K
  class space    used 11429K, committed 11840K, reserved 1048576K
}
Event: 470.094 GC heap after
{Heap after GC invocations=37 (full 3):
 garbage-first heap   total reserved 1908736K, committed 76800K, used 28253K [0x000000008b800000, 0x0000000100000000)
  region size 1024K, 0 young (0K), 0 survivors (0K)
 Metaspace       used 78432K, committed 79296K, reserved 1179648K
  class space    used 11428K, committed 11840K, reserved 1048576K
}
Event: 471.260 GC heap before
{Heap before GC invocations=37 (full 3):
 garbage-first heap   total reserved 1908736K, committed 76800K, used 64093K [0x000000008b800000, 0x0000000100000000)
  region size 1024K, 36 young (36864K), 0 survivors (0K)
 Metaspace       used 78443K, committed 79296K, reserved 1179648K
  class space    used 11430K, committed 11840K, reserved 1048576K
}
Event: 471.267 GC heap after
{Heap after GC invocations=38 (full 3):
 garbage-first heap   total reserved 1908736K, committed 76800K, used 31755K [0x000000008b800000, 0x0000000100000000)
  region size 1024K, 4 young (4096K), 4 survivors (4096K)
 Metaspace       used 78443K, committed 79296K, reserved 1179648K
  class space    used 11430K, committed 11840K, reserved 1048576K
}
Event: 475.020 GC heap before
{Heap before GC invocations=39 (full 3):
 garbage-first heap   total reserved 1908736K, committed 76800K, used 62475K [0x000000008b800000, 0x0000000100000000)
  region size 1024K, 34 young (34816K), 4 survivors (4096K)
 Metaspace       used 78546K, committed 79360K, reserved 1179648K
  class space    used 11427K, committed 11840K, reserved 1048576K
}
Event: 475.027 GC heap after
{Heap after GC invocations=40 (full 3):
 garbage-first heap   total reserved 1908736K, committed 76800K, used 33705K [0x000000008b800000, 0x0000000100000000)
  region size 1024K, 3 young (3072K), 3 survivors (3072K)
 Metaspace       used 78546K, committed 79360K, reserved 1179648K
  class space    used 11427K, committed 11840K, reserved 1048576K
}
Event: 477.181 GC heap before
{Heap before GC invocations=40 (full 3):
 garbage-first heap   total reserved 1908736K, committed 76800K, used 36777K [0x000000008b800000, 0x0000000100000000)
  region size 1024K, 7 young (7168K), 3 survivors (3072K)
 Metaspace       used 78575K, committed 79360K, reserved 1179648K
  class space    used 11433K, committed 11840K, reserved 1048576K
}

